0 info it worked if it ends with ok
1 verbose cli [ 'C:\\Program Files\\nodejs\\node.exe',
1 verbose cli   'C:\\Program Files\\nodejs\\node_modules\\npm\\bin\\npm-cli.js',
1 verbose cli   'start' ]
2 info using npm@3.10.10
3 info using node@v6.10.0
4 verbose run-script [ 'prestart', 'start', 'poststart' ]
5 info lifecycle react-redux-material_ui-boilerplate@1.0.0~prestart: react-redux-material_ui-boilerplate@1.0.0
6 silly lifecycle react-redux-material_ui-boilerplate@1.0.0~prestart: no script for prestart, continuing
7 info lifecycle react-redux-material_ui-boilerplate@1.0.0~start: react-redux-material_ui-boilerplate@1.0.0
8 verbose lifecycle react-redux-material_ui-boilerplate@1.0.0~start: unsafe-perm in lifecycle true
9 verbose lifecycle react-redux-material_ui-boilerplate@1.0.0~start: PATH: C:\Program Files\nodejs\node_modules\npm\bin\node-gyp-bin;D:\workspace\rms\src\main\frontend\node_modules\.bin;C:\Program Files\ConEmu\ConEmu\Scripts;C:\Program Files\ConEmu;C:\Program Files\ConEmu\ConEmu;C:\ProgramData\Oracle\Java\javapath;D:\app\Rini_D7234\product\11.2.0\client_1;D:\app\Rini_D7234\product\11.2.0\dbhome_2\bin;C:\Windows\System32\;C:\Program Files\Java\jdk1.8.0_121\bin;D:\apache-maven-3.3.9\bin;D:\curl-7.53.1-win64-mingw\bin;C:\Program Files\nodejs\;C:\Program Files (x86)\Brackets\command;C:\Program Files\Git\cmd;C:\Program Files\Java\jdk1.8.0_121\jre\bin;C:\Users\rini_d7234\AppData\Roaming\npm;C:\Users\rini_d7234\AppData\Local\GitHubDesktop\bin
10 verbose lifecycle react-redux-material_ui-boilerplate@1.0.0~start: CWD: D:\workspace\rms\src\main\frontend
11 silly lifecycle react-redux-material_ui-boilerplate@1.0.0~start: Args: [ '/d /s /c',
11 silly lifecycle   'webpack-dev-server -d --hot --inline --progress --colors' ]
12 silly lifecycle react-redux-material_ui-boilerplate@1.0.0~start: Returned: code: 3221225786  signal: null
13 info lifecycle react-redux-material_ui-boilerplate@1.0.0~start: Failed to exec start script
14 verbose stack Error: react-redux-material_ui-boilerplate@1.0.0 start: `webpack-dev-server -d --hot --inline --progress --colors`
14 verbose stack Exit status 3221225786
14 verbose stack     at EventEmitter.<anonymous> (C:\Program Files\nodejs\node_modules\npm\lib\utils\lifecycle.js:255:16)
14 verbose stack     at emitTwo (events.js:106:13)
14 verbose stack     at EventEmitter.emit (events.js:191:7)
14 verbose stack     at ChildProcess.<anonymous> (C:\Program Files\nodejs\node_modules\npm\lib\utils\spawn.js:40:14)
14 verbose stack     at emitTwo (events.js:106:13)
14 verbose stack     at ChildProcess.emit (events.js:191:7)
14 verbose stack     at maybeClose (internal/child_process.js:877:16)
14 verbose stack     at Process.ChildProcess._handle.onexit (internal/child_process.js:226:5)
15 verbose pkgid react-redux-material_ui-boilerplate@1.0.0
16 verbose cwd D:\workspace\rms\src\main\frontend
17 error Windows_NT 10.0.10240
18 error argv "C:\\Program Files\\nodejs\\node.exe" "C:\\Program Files\\nodejs\\node_modules\\npm\\bin\\npm-cli.js" "start"
19 error node v6.10.0
20 error npm  v3.10.10
21 error code ELIFECYCLE
22 error react-redux-material_ui-boilerplate@1.0.0 start: `webpack-dev-server -d --hot --inline --progress --colors`
22 error Exit status 3221225786
23 error Failed at the react-redux-material_ui-boilerplate@1.0.0 start script 'webpack-dev-server -d --hot --inline --progress --colors'.
23 error Make sure you have the latest version of node.js and npm installed.
23 error If you do, this is most likely a problem with the react-redux-material_ui-boilerplate package,
23 error not with npm itself.
23 error Tell the author that this fails on your system:
23 error     webpack-dev-server -d --hot --inline --progress --colors
23 error You can get information on how to open an issue for this project with:
23 error     npm bugs react-redux-material_ui-boilerplate
23 error Or if that isn't available, you can get their info via:
23 error     npm owner ls react-redux-material_ui-boilerplate
23 error There is likely additional logging output above.
24 verbose exit [ 1, true ]
